<?xml version="1.0" encoding="UTF-8"?>
<!-- Generated by org.testng.reporters.JUnitReportReporter -->
<testsuite hostname="DESKTOP-2QA84HJ" name="com.epam.lab.POMGmail.Tests.DeleteInboxMessageTest" tests="1" failures="0" timestamp="24 Sep 2018 09:26:46 GMT" time="25.912" errors="0">
  <testcase name="deleteInboxMessage" time="25.912" classname="com.epam.lab.POMGmail.Tests.DeleteInboxMessageTest"/>
</testsuite> <!-- com.epam.lab.POMGmail.Tests.DeleteInboxMessageTest -->
